#-----------------------------------------------------------
# Vivado v2024.1 (64-bit)
# SW Build 5076996 on Wed May 22 18:36:09 MDT 2024
# IP Build 5075265 on Wed May 22 21:45:21 MDT 2024
# SharedData Build 5076995 on Wed May 22 18:29:18 MDT 2024
# Start of session at: Fri Sep 27 17:51:45 2024
# Process ID: 437344
# Current directory: /home/jwoolston/serv_latest_workspace/build/servant_1.3.0/zcu106-vivado
# Command line: vivado -notrace -mode batch -source servant_1.3.0.tcl
# Log file: /home/jwoolston/serv_latest_workspace/build/servant_1.3.0/zcu106-vivado/vivado.log
# Journal file: /home/jwoolston/serv_latest_workspace/build/servant_1.3.0/zcu106-vivado/vivado.jou
# Running On        :DESKTOP-8CFAEH8
# Platform          :Ubuntu
# Operating System  :Ubuntu 22.04.5 LTS
# Processor Detail  :AMD Ryzen 9 9900X 12-Core Processor
# CPU Frequency     :4391.660 MHz
# CPU Physical cores:12
# CPU Logical cores :24
# Host memory       :32406 MB
# Swap memory       :8589 MB
# Total Virtual     :40996 MB
# Available Virtual :39478 MB
#-----------------------------------------------------------
source servant_1.3.0.tcl -notrace
INFO: [Common 17-206] Exiting Vivado at Fri Sep 27 17:51:50 2024...
